  FrameBuffer.cpp
C:\Program Files (x86)\Windows Kits\10\Include\10.0.26100.0\shared\minwindef.h(130,9): warning C4005: 'APIENTRY': macro redefinition
  (compiling source file 'Rendering/Buffers/FrameBuffer.cpp')
      F:\GitHub\Vortek-Engine\GLAD\src\include\glad\glad.h(32,9):
      see previous definition of 'APIENTRY'
  
  BatchRenderer.cpp
F:\GitHub\Vortek-Engine\VORTEK_RENDERING\Rendering\Core\Batcher.h(94,74): warning C4244: 'argument': conversion from 'GLsizeiptr' to 'GLsizei', possible loss of data
  (compiling source file 'Rendering/Core/BatchRenderer.cpp')
      F:\GitHub\Vortek-Engine\VORTEK_RENDERING\Rendering\Core\Batcher.h(94,74):
      the template instantiation context (the oldest one first) is
          F:\GitHub\Vortek-Engine\VORTEK_RENDERING\Rendering\Core\BatchRenderer.h(6,37):
          see reference to class template instantiation 'VORTEK_RENDERING::Batcher<VORTEK_RENDERING::Batch,VORTEK_RENDERING::SpriteGlyph>' being compiled
          F:\GitHub\Vortek-Engine\VORTEK_RENDERING\Rendering\Core\Batcher.h(92,2):
          while compiling class template member function 'void VORTEK_RENDERING::Batcher<VORTEK_RENDERING::Batch,VORTEK_RENDERING::SpriteGlyph>::SetVertexAttribute(GLuint,GLuint,GLenum,GLsizeiptr,void *,GLboolean)'
              F:\GitHub\Vortek-Engine\VORTEK_RENDERING\Rendering\Core\BatchRenderer.cpp(8,21):
              see the first reference to 'VORTEK_RENDERING::Batcher<VORTEK_RENDERING::Batch,VORTEK_RENDERING::SpriteGlyph>::SetVertexAttribute' in 'VORTEK_RENDERING::SpriteBatchRenderer::Initialize'
  
  Camera2D.cpp
  CircleBatchRenderer.cpp
F:\GitHub\Vortek-Engine\VORTEK_RENDERING\Rendering\Core\Batcher.h(94,74): warning C4244: 'argument': conversion from 'GLsizeiptr' to 'GLsizei', possible loss of data
  (compiling source file 'Rendering/Core/CircleBatchRenderer.cpp')
      F:\GitHub\Vortek-Engine\VORTEK_RENDERING\Rendering\Core\Batcher.h(94,74):
      the template instantiation context (the oldest one first) is
          F:\GitHub\Vortek-Engine\VORTEK_RENDERING\Rendering\Core\CircleBatchRenderer.h(7,40):
          see reference to class template instantiation 'VORTEK_RENDERING::Batcher<VORTEK_RENDERING::RectBatch,VORTEK_RENDERING::CircleGlyph>' being compiled
          F:\GitHub\Vortek-Engine\VORTEK_RENDERING\Rendering\Core\Batcher.h(92,2):
          while compiling class template member function 'void VORTEK_RENDERING::Batcher<VORTEK_RENDERING::RectBatch,VORTEK_RENDERING::CircleGlyph>::SetVertexAttribute(GLuint,GLuint,GLenum,GLsizeiptr,void *,GLboolean)'
              F:\GitHub\Vortek-Engine\VORTEK_RENDERING\Rendering\Core\CircleBatchRenderer.cpp(42,27):
              see the first reference to 'VORTEK_RENDERING::Batcher<VORTEK_RENDERING::RectBatch,VORTEK_RENDERING::CircleGlyph>::SetVertexAttribute' in 'VORTEK_RENDERING::CircleBatchRenderer::Initialize'
  
  LineBatchRenderer.cpp
F:\GitHub\Vortek-Engine\VORTEK_RENDERING\Rendering\Core\Batcher.h(94,74): warning C4244: 'argument': conversion from 'GLsizeiptr' to 'GLsizei', possible loss of data
  (compiling source file 'Rendering/Core/LineBatchRenderer.cpp')
      F:\GitHub\Vortek-Engine\VORTEK_RENDERING\Rendering\Core\Batcher.h(94,74):
      the template instantiation context (the oldest one first) is
          F:\GitHub\Vortek-Engine\VORTEK_RENDERING\Rendering\Core\LineBatchRenderer.h(7,35):
          see reference to class template instantiation 'VORTEK_RENDERING::Batcher<VORTEK_RENDERING::LineBatch,VORTEK_RENDERING::LineGlyph>' being compiled
          F:\GitHub\Vortek-Engine\VORTEK_RENDERING\Rendering\Core\Batcher.h(92,2):
          while compiling class template member function 'void VORTEK_RENDERING::Batcher<VORTEK_RENDERING::LineBatch,VORTEK_RENDERING::LineGlyph>::SetVertexAttribute(GLuint,GLuint,GLenum,GLsizeiptr,void *,GLboolean)'
              F:\GitHub\Vortek-Engine\VORTEK_RENDERING\Rendering\Core\LineBatchRenderer.cpp(36,21):
              see the first reference to 'VORTEK_RENDERING::Batcher<VORTEK_RENDERING::LineBatch,VORTEK_RENDERING::LineGlyph>::SetVertexAttribute' in 'VORTEK_RENDERING::LineBatchRenderer::Initialize'
  
  RectBatchRenderer.cpp
F:\GitHub\Vortek-Engine\VORTEK_RENDERING\Rendering\Core\Batcher.h(94,74): warning C4244: 'argument': conversion from 'GLsizeiptr' to 'GLsizei', possible loss of data
  (compiling source file 'Rendering/Core/RectBatchRenderer.cpp')
      F:\GitHub\Vortek-Engine\VORTEK_RENDERING\Rendering\Core\Batcher.h(94,74):
      the template instantiation context (the oldest one first) is
          F:\GitHub\Vortek-Engine\VORTEK_RENDERING\Rendering\Core\RectBatchRenderer.h(7,38):
          see reference to class template instantiation 'VORTEK_RENDERING::Batcher<VORTEK_RENDERING::RectBatch,VORTEK_RENDERING::RectGlyph>' being compiled
          F:\GitHub\Vortek-Engine\VORTEK_RENDERING\Rendering\Core\Batcher.h(92,2):
          while compiling class template member function 'void VORTEK_RENDERING::Batcher<VORTEK_RENDERING::RectBatch,VORTEK_RENDERING::RectGlyph>::SetVertexAttribute(GLuint,GLuint,GLenum,GLsizeiptr,void *,GLboolean)'
              F:\GitHub\Vortek-Engine\VORTEK_RENDERING\Rendering\Core\RectBatchRenderer.cpp(36,27):
              see the first reference to 'VORTEK_RENDERING::Batcher<VORTEK_RENDERING::RectBatch,VORTEK_RENDERING::RectGlyph>::SetVertexAttribute' in 'VORTEK_RENDERING::RectBatchRenderer::Initialize'
  
  Renderer.cpp
  TextBatchRenderer.cpp
C:\Program Files (x86)\Windows Kits\10\Include\10.0.26100.0\shared\minwindef.h(130,9): warning C4005: 'APIENTRY': macro redefinition
  (compiling source file 'Rendering/Core/TextBatchRenderer.cpp')
      F:\GitHub\Vortek-Engine\GLAD\src\include\glad\glad.h(32,9):
      see previous definition of 'APIENTRY'
  
F:\GitHub\Vortek-Engine\VORTEK_RENDERING\Rendering\Core\Batcher.h(94,74): warning C4244: 'argument': conversion from 'GLsizeiptr' to 'GLsizei', possible loss of data
  (compiling source file 'Rendering/Core/TextBatchRenderer.cpp')
      F:\GitHub\Vortek-Engine\VORTEK_RENDERING\Rendering\Core\Batcher.h(94,74):
      the template instantiation context (the oldest one first) is
          F:\GitHub\Vortek-Engine\VORTEK_RENDERING\Rendering\Core\TextBatchRenderer.h(6,38):
          see reference to class template instantiation 'VORTEK_RENDERING::Batcher<VORTEK_RENDERING::TextBatch,VORTEK_RENDERING::TextGlyph>' being compiled
          F:\GitHub\Vortek-Engine\VORTEK_RENDERING\Rendering\Core\Batcher.h(92,2):
          while compiling class template member function 'void VORTEK_RENDERING::Batcher<VORTEK_RENDERING::TextBatch,VORTEK_RENDERING::TextGlyph>::SetVertexAttribute(GLuint,GLuint,GLenum,GLsizeiptr,void *,GLboolean)'
              F:\GitHub\Vortek-Engine\VORTEK_RENDERING\Rendering\Core\TextBatchRenderer.cpp(7,21):
              see the first reference to 'VORTEK_RENDERING::Batcher<VORTEK_RENDERING::TextBatch,VORTEK_RENDERING::TextGlyph>::SetVertexAttribute' in 'VORTEK_RENDERING::TextBatchRenderer::Initialize'
  
  Font.cpp
  FontLoader.cpp
C:\Program Files (x86)\Windows Kits\10\Include\10.0.26100.0\shared\minwindef.h(130,9): warning C4005: 'APIENTRY': macro redefinition
  (compiling source file 'Rendering/Essentials/FontLoader.cpp')
      F:\GitHub\Vortek-Engine\GLAD\src\include\glad\glad.h(32,9):
      see previous definition of 'APIENTRY'
  
  Shader.cpp
C:\Program Files (x86)\Windows Kits\10\Include\10.0.26100.0\shared\minwindef.h(130,9): warning C4005: 'APIENTRY': macro redefinition
  (compiling source file 'Rendering/Essentials/Shader.cpp')
      F:\GitHub\Vortek-Engine\GLAD\src\include\glad\glad.h(32,9):
      see previous definition of 'APIENTRY'
  
  ShaderLoader.cpp
C:\Program Files (x86)\Windows Kits\10\Include\10.0.26100.0\shared\minwindef.h(130,9): warning C4005: 'APIENTRY': macro redefinition
  (compiling source file 'Rendering/Essentials/ShaderLoader.cpp')
      F:\GitHub\Vortek-Engine\GLAD\src\include\glad\glad.h(32,9):
      see previous definition of 'APIENTRY'
  
  Texture.cpp
  TextureLoader.cpp
C:\Program Files (x86)\Windows Kits\10\Include\10.0.26100.0\shared\minwindef.h(130,9): warning C4005: 'APIENTRY': macro redefinition
  (compiling source file 'Rendering/Essentials/TextureLoader.cpp')
      F:\GitHub\Vortek-Engine\GLAD\src\include\glad\glad.h(32,9):
      see previous definition of 'APIENTRY'
  
F:\GitHub\Vortek-Engine\VORTEK_RENDERING\Rendering\Essentials\TextureLoader.cpp(82,53): warning C4267: 'argument': conversion from 'size_t' to 'int', possible loss of data
  Generating Code...
  VORTEK_RENDERING.vcxproj -> F:\GitHub\Vortek-Engine\x64\Debug\VORTEK_RENDERING.lib
