  CoreEngineData.cpp
  CoreUtilities.cpp
  FollowCamera.cpp
  AnimationComponent.cpp
  BoxColliderComponent.cpp
  CircleColliderComponent.cpp
  ComponentSerializer.cpp
F:\GitHub\Vortek-Engine\VORTEK_CORE\Core\ECS\Components\ComponentSerializer.cpp(218,39): warning C4244: '=': conversion from 'int' to 'float', possible loss of data
  PhysicsComponent.cpp
  RigidBodyComponent.cpp
  SpriteComponent.cpp
C:\Program Files (x86)\Windows Kits\10\Include\10.0.26100.0\shared\minwindef.h(130,9): warning C4005: 'APIENTRY': macro redefinition
  (compiling source file 'Core/ECS/Components/SpriteComponent.cpp')
      F:\GitHub\Vortek-Engine\GLAD\src\include\glad\glad.h(32,9):
      see previous definition of 'APIENTRY'
  
  TextComponent.cpp
  TransformComponent.cpp
  Entity.cpp
C:\Program Files\Microsoft Visual Studio\2022\Community\VC\Tools\MSVC\14.44.35207\include\charconv(580,32): fatal  error C1001: Internal compiler error.
  (compiler file 'msc1.cpp', line 1589)
   To work around this problem, try simplifying or changing the program near the locations listed above.
  If possible please provide a repro here: https://developercommunity.visualstudio.com
  Please choose the Technical Support command on the Visual C++
   Help menu, or open the Technical Support help file for more information
  INTERNAL COMPILER ERROR in 'C:\Program Files\Microsoft Visual Studio\2022\Community\VC\Tools\MSVC\14.44.35207\bin\HostX64\x64\CL.exe'
      Please choose the Technical Support command on the Visual C++
      Help menu, or open the Technical Support help file for more information
